<?xml version="1.0" encoding="UTF-8"?>
<!-- Generated by org.testng.reporters.JUnitXMLReporter -->
<testsuite ignored="0" hostname="DESKTOP-KOE92QJ" failures="0" tests="6" name="Surefire test" time="0.026" errors="0" timestamp="2021-07-29T14:57:14 IST">
  <testcase classname="mvntraining.mvnjava.AppiumTest" name="Iosapp" time="0.003"/>
  <testcase classname="mvntraining.mvnjava.AppiumTest" name="NativeappAndroid" time="0.0"/>
  <testcase classname="mvntraining.mvnjava.RESTAPITest" name="delettwitter" time="0.0"/>
  <testcase classname="mvntraining.mvnjava.RESTAPITest" name="postjira" time="0.0"/>
  <testcase classname="mvntraining.mvnjava.SeleniumTest" name="BrowserAutomation" time="0.0"/>
  <testcase classname="mvntraining.mvnjava.SeleniumTest" name="elementsui" time="0.0"/>
</testsuite> <!-- Surefire test -->
